<?xml version="1.0" encoding="UTF-8"?>
<!-- Generated by org.testng.reporters.JUnitReportReporter -->
<testsuite skipped="0" hostname="LAZ-TH-L-M-0053" name="SmokeTest.MyTestNgClass" tests="4" failures="0" timestamp="10 May 2018 01:57:03 GMT" time="0.003" errors="0">
  <testcase name="setup4" time="0.001" classname="SmokeTest.MyTestNgClass"/>
  <testcase name="setup2" time="0.001" classname="SmokeTest.MyTestNgClass"/>
  <testcase name="setup1" time="0.001" classname="SmokeTest.MyTestNgClass"/>
  <testcase name="setup3" time="0.000" classname="SmokeTest.MyTestNgClass"/>
</testsuite> <!-- SmokeTest.MyTestNgClass -->
