<?xml version="1.0" encoding="UTF-8"?>
<!-- Generated by org.testng.reporters.JUnitReportReporter -->
<testsuite skipped="0" hostname="LAZ-TH-L-M-0053" name="SmokeTest.LoginPresentTestNG" tests="1" failures="0" timestamp="10 May 2018 01:57:03 GMT" time="2.746" errors="0">
  <testcase name="LoginElementsPresentTest" time="2.746" classname="SmokeTest.LoginPresentTestNG"/>
</testsuite> <!-- SmokeTest.LoginPresentTestNG -->
